The system is: Linux - 4.4.0-112-generic - x86_64
Compiling the C compiler identification source file "CMakeCCompilerId.c" succeeded.
Compiler: /usr/bin/newclang 
Build flags: 
Id flags: 

The output was:
0


Compilation of the C compiler identification source "CMakeCCompilerId.c" produced "a.out"

The C compiler identification is Clang, found in "/home/daniele/tesla/tesla-static-analysis/CMakeFiles/3.5.1/CompilerIdC/a.out"

Compiling the CXX compiler identification source file "CMakeCXXCompilerId.cpp" succeeded.
Compiler: /usr/bin/newclang++ 
Build flags: 
Id flags: 

The output was:
0


Compilation of the CXX compiler identification source "CMakeCXXCompilerId.cpp" produced "a.out"

The CXX compiler identification is Clang, found in "/home/daniele/tesla/tesla-static-analysis/CMakeFiles/3.5.1/CompilerIdCXX/a.out"

Determining if the C compiler works passed with the following output:
Change Dir: /home/daniele/tesla/tesla-static-analysis/CMakeFiles/CMakeTmp

Run Build Command:"/usr/bin/make" "cmTC_4e109/fast"
/usr/bin/make -f CMakeFiles/cmTC_4e109.dir/build.make CMakeFiles/cmTC_4e109.dir/build
make[1]: Entering directory '/home/daniele/tesla/tesla-static-analysis/CMakeFiles/CMakeTmp'
Building C object CMakeFiles/cmTC_4e109.dir/testCCompiler.c.o
/usr/bin/newclang     -o CMakeFiles/cmTC_4e109.dir/testCCompiler.c.o   -c /home/daniele/tesla/tesla-static-analysis/CMakeFiles/CMakeTmp/testCCompiler.c
Linking C executable cmTC_4e109
/usr/bin/cmake -E cmake_link_script CMakeFiles/cmTC_4e109.dir/link.txt --verbose=1
/usr/bin/newclang       CMakeFiles/cmTC_4e109.dir/testCCompiler.c.o  -o cmTC_4e109 -rdynamic 
make[1]: Leaving directory '/home/daniele/tesla/tesla-static-analysis/CMakeFiles/CMakeTmp'


Detecting C compiler ABI info compiled with the following output:
Change Dir: /home/daniele/tesla/tesla-static-analysis/CMakeFiles/CMakeTmp

Run Build Command:"/usr/bin/make" "cmTC_5bba5/fast"
/usr/bin/make -f CMakeFiles/cmTC_5bba5.dir/build.make CMakeFiles/cmTC_5bba5.dir/build
make[1]: Entering directory '/home/daniele/tesla/tesla-static-analysis/CMakeFiles/CMakeTmp'
Building C object CMakeFiles/cmTC_5bba5.dir/CMakeCCompilerABI.c.o
/usr/bin/newclang     -o CMakeFiles/cmTC_5bba5.dir/CMakeCCompilerABI.c.o   -c /usr/share/cmake-3.5/Modules/CMakeCCompilerABI.c
Linking C executable cmTC_5bba5
/usr/bin/cmake -E cmake_link_script CMakeFiles/cmTC_5bba5.dir/link.txt --verbose=1
/usr/bin/newclang      -v CMakeFiles/cmTC_5bba5.dir/CMakeCCompilerABI.c.o  -o cmTC_5bba5 -rdynamic  
clang version 6.0.0 (https://github.com/llvm-mirror/clang.git abf562a42defe561f4286a55b795369782c8a1a0) (https://github.com/llvm-mirror/llvm.git f1286127b73c0d81ced8595af62e78ed703ced8b)
Target: x86_64-unknown-linux-gnu
Thread model: posix
InstalledDir: /usr/bin
Found candidate GCC installation: /usr/bin/../lib/gcc/x86_64-linux-gnu/4.8
Found candidate GCC installation: /usr/bin/../lib/gcc/x86_64-linux-gnu/4.8.5
Found candidate GCC installation: /usr/bin/../lib/gcc/x86_64-linux-gnu/5
Found candidate GCC installation: /usr/bin/../lib/gcc/x86_64-linux-gnu/5.4.0
Found candidate GCC installation: /usr/bin/../lib/gcc/x86_64-linux-gnu/6
Found candidate GCC installation: /usr/bin/../lib/gcc/x86_64-linux-gnu/6.3.0
Found candidate GCC installation: /usr/bin/../lib/gcc/x86_64-linux-gnu/7
Found candidate GCC installation: /usr/bin/../lib/gcc/x86_64-linux-gnu/7.2.0
Found candidate GCC installation: /usr/lib/gcc/x86_64-linux-gnu/4.8
Found candidate GCC installation: /usr/lib/gcc/x86_64-linux-gnu/4.8.5
Found candidate GCC installation: /usr/lib/gcc/x86_64-linux-gnu/5
Found candidate GCC installation: /usr/lib/gcc/x86_64-linux-gnu/5.4.0
Found candidate GCC installation: /usr/lib/gcc/x86_64-linux-gnu/6
Found candidate GCC installation: /usr/lib/gcc/x86_64-linux-gnu/6.3.0
Found candidate GCC installation: /usr/lib/gcc/x86_64-linux-gnu/7
Found candidate GCC installation: /usr/lib/gcc/x86_64-linux-gnu/7.2.0
Selected GCC installation: /usr/bin/../lib/gcc/x86_64-linux-gnu/5.4.0
Candidate multilib: .;@m64
Candidate multilib: 32;@m32
Candidate multilib: x32;@mx32
Selected multilib: .;@m64
 "/usr/bin/ld" -export-dynamic -z relro --hash-style=gnu --eh-frame-hdr -m elf_x86_64 -export-dynamic -dynamic-linker /lib64/ld-linux-x86-64.so.2 -o cmTC_5bba5 /usr/bin/../lib/gcc/x86_64-linux-gnu/5.4.0/../../../x86_64-linux-gnu/crt1.o /usr/bin/../lib/gcc/x86_64-linux-gnu/5.4.0/../../../x86_64-linux-gnu/crti.o /usr/bin/../lib/gcc/x86_64-linux-gnu/5.4.0/crtbegin.o -L/usr/bin/../lib/gcc/x86_64-linux-gnu/5.4.0 -L/usr/bin/../lib/gcc/x86_64-linux-gnu/5.4.0/../../../x86_64-linux-gnu -L/lib/x86_64-linux-gnu -L/lib/../lib64 -L/usr/lib/x86_64-linux-gnu -L/usr/bin/../lib/gcc/x86_64-linux-gnu/5.4.0/../../.. -L/home/daniele/llvm/build/bin/../lib -L/lib -L/usr/lib CMakeFiles/cmTC_5bba5.dir/CMakeCCompilerABI.c.o -lgcc --as-needed -lgcc_s --no-as-needed -lc -lgcc --as-needed -lgcc_s --no-as-needed /usr/bin/../lib/gcc/x86_64-linux-gnu/5.4.0/crtend.o /usr/bin/../lib/gcc/x86_64-linux-gnu/5.4.0/../../../x86_64-linux-gnu/crtn.o
make[1]: Leaving directory '/home/daniele/tesla/tesla-static-analysis/CMakeFiles/CMakeTmp'


Parsed C implicit link information from above output:
  link line regex: [^( *|.*[/\])(ld|([^/\]+-)?ld|collect2)[^/\]*( |$)]
  ignore line: [Change Dir: /home/daniele/tesla/tesla-static-analysis/CMakeFiles/CMakeTmp]
  ignore line: []
  ignore line: [Run Build Command:"/usr/bin/make" "cmTC_5bba5/fast"]
  ignore line: [/usr/bin/make -f CMakeFiles/cmTC_5bba5.dir/build.make CMakeFiles/cmTC_5bba5.dir/build]
  ignore line: [make[1]: Entering directory '/home/daniele/tesla/tesla-static-analysis/CMakeFiles/CMakeTmp']
  ignore line: [Building C object CMakeFiles/cmTC_5bba5.dir/CMakeCCompilerABI.c.o]
  ignore line: [/usr/bin/newclang     -o CMakeFiles/cmTC_5bba5.dir/CMakeCCompilerABI.c.o   -c /usr/share/cmake-3.5/Modules/CMakeCCompilerABI.c]
  ignore line: [Linking C executable cmTC_5bba5]
  ignore line: [/usr/bin/cmake -E cmake_link_script CMakeFiles/cmTC_5bba5.dir/link.txt --verbose=1]
  ignore line: [/usr/bin/newclang      -v CMakeFiles/cmTC_5bba5.dir/CMakeCCompilerABI.c.o  -o cmTC_5bba5 -rdynamic  ]
  ignore line: [clang version 6.0.0 (https://github.com/llvm-mirror/clang.git abf562a42defe561f4286a55b795369782c8a1a0) (https://github.com/llvm-mirror/llvm.git f1286127b73c0d81ced8595af62e78ed703ced8b)]
  ignore line: [Target: x86_64-unknown-linux-gnu]
  ignore line: [Thread model: posix]
  ignore line: [InstalledDir: /usr/bin]
  ignore line: [Found candidate GCC installation: /usr/bin/../lib/gcc/x86_64-linux-gnu/4.8]
  ignore line: [Found candidate GCC installation: /usr/bin/../lib/gcc/x86_64-linux-gnu/4.8.5]
  ignore line: [Found candidate GCC installation: /usr/bin/../lib/gcc/x86_64-linux-gnu/5]
  ignore line: [Found candidate GCC installation: /usr/bin/../lib/gcc/x86_64-linux-gnu/5.4.0]
  ignore line: [Found candidate GCC installation: /usr/bin/../lib/gcc/x86_64-linux-gnu/6]
  ignore line: [Found candidate GCC installation: /usr/bin/../lib/gcc/x86_64-linux-gnu/6.3.0]
  ignore line: [Found candidate GCC installation: /usr/bin/../lib/gcc/x86_64-linux-gnu/7]
  ignore line: [Found candidate GCC installation: /usr/bin/../lib/gcc/x86_64-linux-gnu/7.2.0]
  ignore line: [Found candidate GCC installation: /usr/lib/gcc/x86_64-linux-gnu/4.8]
  ignore line: [Found candidate GCC installation: /usr/lib/gcc/x86_64-linux-gnu/4.8.5]
  ignore line: [Found candidate GCC installation: /usr/lib/gcc/x86_64-linux-gnu/5]
  ignore line: [Found candidate GCC installation: /usr/lib/gcc/x86_64-linux-gnu/5.4.0]
  ignore line: [Found candidate GCC installation: /usr/lib/gcc/x86_64-linux-gnu/6]
  ignore line: [Found candidate GCC installation: /usr/lib/gcc/x86_64-linux-gnu/6.3.0]
  ignore line: [Found candidate GCC installation: /usr/lib/gcc/x86_64-linux-gnu/7]
  ignore line: [Found candidate GCC installation: /usr/lib/gcc/x86_64-linux-gnu/7.2.0]
  ignore line: [Selected GCC installation: /usr/bin/../lib/gcc/x86_64-linux-gnu/5.4.0]
  ignore line: [Candidate multilib: .]
  ignore line: [@m64]
  ignore line: [Candidate multilib: 32]
  ignore line: [@m32]
  ignore line: [Candidate multilib: x32]
  ignore line: [@mx32]
  ignore line: [Selected multilib: .]
  ignore line: [@m64]
  link line: [ "/usr/bin/ld" -export-dynamic -z relro --hash-style=gnu --eh-frame-hdr -m elf_x86_64 -export-dynamic -dynamic-linker /lib64/ld-linux-x86-64.so.2 -o cmTC_5bba5 /usr/bin/../lib/gcc/x86_64-linux-gnu/5.4.0/../../../x86_64-linux-gnu/crt1.o /usr/bin/../lib/gcc/x86_64-linux-gnu/5.4.0/../../../x86_64-linux-gnu/crti.o /usr/bin/../lib/gcc/x86_64-linux-gnu/5.4.0/crtbegin.o -L/usr/bin/../lib/gcc/x86_64-linux-gnu/5.4.0 -L/usr/bin/../lib/gcc/x86_64-linux-gnu/5.4.0/../../../x86_64-linux-gnu -L/lib/x86_64-linux-gnu -L/lib/../lib64 -L/usr/lib/x86_64-linux-gnu -L/usr/bin/../lib/gcc/x86_64-linux-gnu/5.4.0/../../.. -L/home/daniele/llvm/build/bin/../lib -L/lib -L/usr/lib CMakeFiles/cmTC_5bba5.dir/CMakeCCompilerABI.c.o -lgcc --as-needed -lgcc_s --no-as-needed -lc -lgcc --as-needed -lgcc_s --no-as-needed /usr/bin/../lib/gcc/x86_64-linux-gnu/5.4.0/crtend.o /usr/bin/../lib/gcc/x86_64-linux-gnu/5.4.0/../../../x86_64-linux-gnu/crtn.o]
    arg [/usr/bin/ld] ==> ignore
    arg [-export-dynamic] ==> ignore
    arg [-zrelro] ==> ignore
    arg [--hash-style=gnu] ==> ignore
    arg [--eh-frame-hdr] ==> ignore
    arg [-m] ==> ignore
    arg [elf_x86_64] ==> ignore
    arg [-export-dynamic] ==> ignore
    arg [-dynamic-linker] ==> ignore
    arg [/lib64/ld-linux-x86-64.so.2] ==> ignore
    arg [-o] ==> ignore
    arg [cmTC_5bba5] ==> ignore
    arg [/usr/bin/../lib/gcc/x86_64-linux-gnu/5.4.0/../../../x86_64-linux-gnu/crt1.o] ==> ignore
    arg [/usr/bin/../lib/gcc/x86_64-linux-gnu/5.4.0/../../../x86_64-linux-gnu/crti.o] ==> ignore
    arg [/usr/bin/../lib/gcc/x86_64-linux-gnu/5.4.0/crtbegin.o] ==> ignore
    arg [-L/usr/bin/../lib/gcc/x86_64-linux-gnu/5.4.0] ==> dir [/usr/bin/../lib/gcc/x86_64-linux-gnu/5.4.0]
    arg [-L/usr/bin/../lib/gcc/x86_64-linux-gnu/5.4.0/../../../x86_64-linux-gnu] ==> dir [/usr/bin/../lib/gcc/x86_64-linux-gnu/5.4.0/../../../x86_64-linux-gnu]
    arg [-L/lib/x86_64-linux-gnu] ==> dir [/lib/x86_64-linux-gnu]
    arg [-L/lib/../lib64] ==> dir [/lib/../lib64]
    arg [-L/usr/lib/x86_64-linux-gnu] ==> dir [/usr/lib/x86_64-linux-gnu]
    arg [-L/usr/bin/../lib/gcc/x86_64-linux-gnu/5.4.0/../../..] ==> dir [/usr/bin/../lib/gcc/x86_64-linux-gnu/5.4.0/../../..]
    arg [-L/home/daniele/llvm/build/bin/../lib] ==> dir [/home/daniele/llvm/build/bin/../lib]
    arg [-L/lib] ==> dir [/lib]
    arg [-L/usr/lib] ==> dir [/usr/lib]
    arg [CMakeFiles/cmTC_5bba5.dir/CMakeCCompilerABI.c.o] ==> ignore
    arg [-lgcc] ==> lib [gcc]
    arg [--as-needed] ==> ignore
    arg [-lgcc_s] ==> lib [gcc_s]
    arg [--no-as-needed] ==> ignore
    arg [-lc] ==> lib [c]
    arg [-lgcc] ==> lib [gcc]
    arg [--as-needed] ==> ignore
    arg [-lgcc_s] ==> lib [gcc_s]
    arg [--no-as-needed] ==> ignore
    arg [/usr/bin/../lib/gcc/x86_64-linux-gnu/5.4.0/crtend.o] ==> ignore
    arg [/usr/bin/../lib/gcc/x86_64-linux-gnu/5.4.0/../../../x86_64-linux-gnu/crtn.o] ==> ignore
  remove lib [gcc]
  remove lib [gcc_s]
  remove lib [gcc]
  remove lib [gcc_s]
  collapse library dir [/usr/bin/../lib/gcc/x86_64-linux-gnu/5.4.0] ==> [/usr/lib/gcc/x86_64-linux-gnu/5.4.0]
  collapse library dir [/usr/bin/../lib/gcc/x86_64-linux-gnu/5.4.0/../../../x86_64-linux-gnu] ==> [/usr/lib/x86_64-linux-gnu]
  collapse library dir [/lib/x86_64-linux-gnu] ==> [/lib/x86_64-linux-gnu]
  collapse library dir [/lib/../lib64] ==> [/lib64]
  collapse library dir [/usr/lib/x86_64-linux-gnu] ==> [/usr/lib/x86_64-linux-gnu]
  collapse library dir [/usr/bin/../lib/gcc/x86_64-linux-gnu/5.4.0/../../..] ==> [/usr/lib]
  collapse library dir [/home/daniele/llvm/build/bin/../lib] ==> [/home/daniele/llvm/build/lib]
  collapse library dir [/lib] ==> [/lib]
  collapse library dir [/usr/lib] ==> [/usr/lib]
  implicit libs: [c]
  implicit dirs: [/usr/lib/gcc/x86_64-linux-gnu/5.4.0;/usr/lib/x86_64-linux-gnu;/lib/x86_64-linux-gnu;/lib64;/usr/lib;/home/daniele/llvm/build/lib;/lib]
  implicit fwks: []




Detecting C [-std=c11] compiler features compiled with the following output:
Change Dir: /home/daniele/tesla/tesla-static-analysis/CMakeFiles/CMakeTmp

Run Build Command:"/usr/bin/make" "cmTC_0ff34/fast"
/usr/bin/make -f CMakeFiles/cmTC_0ff34.dir/build.make CMakeFiles/cmTC_0ff34.dir/build
make[1]: Entering directory '/home/daniele/tesla/tesla-static-analysis/CMakeFiles/CMakeTmp'
Building C object CMakeFiles/cmTC_0ff34.dir/feature_tests.c.o
/usr/bin/newclang    -std=c11 -o CMakeFiles/cmTC_0ff34.dir/feature_tests.c.o   -c /home/daniele/tesla/tesla-static-analysis/CMakeFiles/feature_tests.c
Linking C executable cmTC_0ff34
/usr/bin/cmake -E cmake_link_script CMakeFiles/cmTC_0ff34.dir/link.txt --verbose=1
/usr/bin/newclang       CMakeFiles/cmTC_0ff34.dir/feature_tests.c.o  -o cmTC_0ff34 -rdynamic 
make[1]: Leaving directory '/home/daniele/tesla/tesla-static-analysis/CMakeFiles/CMakeTmp'


    Feature record: C_FEATURE:1c_function_prototypes
    Feature record: C_FEATURE:1c_restrict
    Feature record: C_FEATURE:1c_static_assert
    Feature record: C_FEATURE:1c_variadic_macros


Detecting C [-std=c99] compiler features compiled with the following output:
Change Dir: /home/daniele/tesla/tesla-static-analysis/CMakeFiles/CMakeTmp

Run Build Command:"/usr/bin/make" "cmTC_c5e25/fast"
/usr/bin/make -f CMakeFiles/cmTC_c5e25.dir/build.make CMakeFiles/cmTC_c5e25.dir/build
make[1]: Entering directory '/home/daniele/tesla/tesla-static-analysis/CMakeFiles/CMakeTmp'
Building C object CMakeFiles/cmTC_c5e25.dir/feature_tests.c.o
/usr/bin/newclang    -std=c99 -o CMakeFiles/cmTC_c5e25.dir/feature_tests.c.o   -c /home/daniele/tesla/tesla-static-analysis/CMakeFiles/feature_tests.c
Linking C executable cmTC_c5e25
/usr/bin/cmake -E cmake_link_script CMakeFiles/cmTC_c5e25.dir/link.txt --verbose=1
/usr/bin/newclang       CMakeFiles/cmTC_c5e25.dir/feature_tests.c.o  -o cmTC_c5e25 -rdynamic 
make[1]: Leaving directory '/home/daniele/tesla/tesla-static-analysis/CMakeFiles/CMakeTmp'


    Feature record: C_FEATURE:1c_function_prototypes
    Feature record: C_FEATURE:1c_restrict
    Feature record: C_FEATURE:0c_static_assert
    Feature record: C_FEATURE:1c_variadic_macros


Detecting C [-std=c90] compiler features compiled with the following output:
Change Dir: /home/daniele/tesla/tesla-static-analysis/CMakeFiles/CMakeTmp

Run Build Command:"/usr/bin/make" "cmTC_8a4cc/fast"
/usr/bin/make -f CMakeFiles/cmTC_8a4cc.dir/build.make CMakeFiles/cmTC_8a4cc.dir/build
make[1]: Entering directory '/home/daniele/tesla/tesla-static-analysis/CMakeFiles/CMakeTmp'
Building C object CMakeFiles/cmTC_8a4cc.dir/feature_tests.c.o
/usr/bin/newclang    -std=c90 -o CMakeFiles/cmTC_8a4cc.dir/feature_tests.c.o   -c /home/daniele/tesla/tesla-static-analysis/CMakeFiles/feature_tests.c
Linking C executable cmTC_8a4cc
/usr/bin/cmake -E cmake_link_script CMakeFiles/cmTC_8a4cc.dir/link.txt --verbose=1
/usr/bin/newclang       CMakeFiles/cmTC_8a4cc.dir/feature_tests.c.o  -o cmTC_8a4cc -rdynamic 
make[1]: Leaving directory '/home/daniele/tesla/tesla-static-analysis/CMakeFiles/CMakeTmp'


    Feature record: C_FEATURE:1c_function_prototypes
    Feature record: C_FEATURE:0c_restrict
    Feature record: C_FEATURE:0c_static_assert
    Feature record: C_FEATURE:0c_variadic_macros
Determining if the CXX compiler works passed with the following output:
Change Dir: /home/daniele/tesla/tesla-static-analysis/CMakeFiles/CMakeTmp

Run Build Command:"/usr/bin/make" "cmTC_4744e/fast"
/usr/bin/make -f CMakeFiles/cmTC_4744e.dir/build.make CMakeFiles/cmTC_4744e.dir/build
make[1]: Entering directory '/home/daniele/tesla/tesla-static-analysis/CMakeFiles/CMakeTmp'
Building CXX object CMakeFiles/cmTC_4744e.dir/testCXXCompiler.cxx.o
/usr/bin/newclang++      -o CMakeFiles/cmTC_4744e.dir/testCXXCompiler.cxx.o -c /home/daniele/tesla/tesla-static-analysis/CMakeFiles/CMakeTmp/testCXXCompiler.cxx
Linking CXX executable cmTC_4744e
/usr/bin/cmake -E cmake_link_script CMakeFiles/cmTC_4744e.dir/link.txt --verbose=1
/usr/bin/newclang++        CMakeFiles/cmTC_4744e.dir/testCXXCompiler.cxx.o  -o cmTC_4744e -rdynamic 
make[1]: Leaving directory '/home/daniele/tesla/tesla-static-analysis/CMakeFiles/CMakeTmp'


Detecting CXX compiler ABI info compiled with the following output:
Change Dir: /home/daniele/tesla/tesla-static-analysis/CMakeFiles/CMakeTmp

Run Build Command:"/usr/bin/make" "cmTC_97962/fast"
/usr/bin/make -f CMakeFiles/cmTC_97962.dir/build.make CMakeFiles/cmTC_97962.dir/build
make[1]: Entering directory '/home/daniele/tesla/tesla-static-analysis/CMakeFiles/CMakeTmp'
Building CXX object CMakeFiles/cmTC_97962.dir/CMakeCXXCompilerABI.cpp.o
/usr/bin/newclang++      -o CMakeFiles/cmTC_97962.dir/CMakeCXXCompilerABI.cpp.o -c /usr/share/cmake-3.5/Modules/CMakeCXXCompilerABI.cpp
Linking CXX executable cmTC_97962
/usr/bin/cmake -E cmake_link_script CMakeFiles/cmTC_97962.dir/link.txt --verbose=1
/usr/bin/newclang++       -v CMakeFiles/cmTC_97962.dir/CMakeCXXCompilerABI.cpp.o  -o cmTC_97962 -rdynamic  
clang version 6.0.0 (https://github.com/llvm-mirror/clang.git abf562a42defe561f4286a55b795369782c8a1a0) (https://github.com/llvm-mirror/llvm.git f1286127b73c0d81ced8595af62e78ed703ced8b)
Target: x86_64-unknown-linux-gnu
Thread model: posix
InstalledDir: /usr/bin
Found candidate GCC installation: /usr/bin/../lib/gcc/x86_64-linux-gnu/4.8
Found candidate GCC installation: /usr/bin/../lib/gcc/x86_64-linux-gnu/4.8.5
Found candidate GCC installation: /usr/bin/../lib/gcc/x86_64-linux-gnu/5
Found candidate GCC installation: /usr/bin/../lib/gcc/x86_64-linux-gnu/5.4.0
Found candidate GCC installation: /usr/bin/../lib/gcc/x86_64-linux-gnu/6
Found candidate GCC installation: /usr/bin/../lib/gcc/x86_64-linux-gnu/6.3.0
Found candidate GCC installation: /usr/bin/../lib/gcc/x86_64-linux-gnu/7
Found candidate GCC installation: /usr/bin/../lib/gcc/x86_64-linux-gnu/7.2.0
Found candidate GCC installation: /usr/lib/gcc/x86_64-linux-gnu/4.8
Found candidate GCC installation: /usr/lib/gcc/x86_64-linux-gnu/4.8.5
Found candidate GCC installation: /usr/lib/gcc/x86_64-linux-gnu/5
Found candidate GCC installation: /usr/lib/gcc/x86_64-linux-gnu/5.4.0
Found candidate GCC installation: /usr/lib/gcc/x86_64-linux-gnu/6
Found candidate GCC installation: /usr/lib/gcc/x86_64-linux-gnu/6.3.0
Found candidate GCC installation: /usr/lib/gcc/x86_64-linux-gnu/7
Found candidate GCC installation: /usr/lib/gcc/x86_64-linux-gnu/7.2.0
Selected GCC installation: /usr/bin/../lib/gcc/x86_64-linux-gnu/5.4.0
Candidate multilib: .;@m64
Candidate multilib: 32;@m32
Candidate multilib: x32;@mx32
Selected multilib: .;@m64
 "/usr/bin/ld" -export-dynamic -z relro --hash-style=gnu --eh-frame-hdr -m elf_x86_64 -export-dynamic -dynamic-linker /lib64/ld-linux-x86-64.so.2 -o cmTC_97962 /usr/bin/../lib/gcc/x86_64-linux-gnu/5.4.0/../../../x86_64-linux-gnu/crt1.o /usr/bin/../lib/gcc/x86_64-linux-gnu/5.4.0/../../../x86_64-linux-gnu/crti.o /usr/bin/../lib/gcc/x86_64-linux-gnu/5.4.0/crtbegin.o -L/usr/bin/../lib/gcc/x86_64-linux-gnu/5.4.0 -L/usr/bin/../lib/gcc/x86_64-linux-gnu/5.4.0/../../../x86_64-linux-gnu -L/lib/x86_64-linux-gnu -L/lib/../lib64 -L/usr/lib/x86_64-linux-gnu -L/usr/bin/../lib/gcc/x86_64-linux-gnu/5.4.0/../../.. -L/home/daniele/llvm/build/bin/../lib -L/lib -L/usr/lib CMakeFiles/cmTC_97962.dir/CMakeCXXCompilerABI.cpp.o -lstdc++ -lm -lgcc_s -lgcc -lc -lgcc_s -lgcc /usr/bin/../lib/gcc/x86_64-linux-gnu/5.4.0/crtend.o /usr/bin/../lib/gcc/x86_64-linux-gnu/5.4.0/../../../x86_64-linux-gnu/crtn.o
make[1]: Leaving directory '/home/daniele/tesla/tesla-static-analysis/CMakeFiles/CMakeTmp'


Parsed CXX implicit link information from above output:
  link line regex: [^( *|.*[/\])(ld|([^/\]+-)?ld|collect2)[^/\]*( |$)]
  ignore line: [Change Dir: /home/daniele/tesla/tesla-static-analysis/CMakeFiles/CMakeTmp]
  ignore line: []
  ignore line: [Run Build Command:"/usr/bin/make" "cmTC_97962/fast"]
  ignore line: [/usr/bin/make -f CMakeFiles/cmTC_97962.dir/build.make CMakeFiles/cmTC_97962.dir/build]
  ignore line: [make[1]: Entering directory '/home/daniele/tesla/tesla-static-analysis/CMakeFiles/CMakeTmp']
  ignore line: [Building CXX object CMakeFiles/cmTC_97962.dir/CMakeCXXCompilerABI.cpp.o]
  ignore line: [/usr/bin/newclang++      -o CMakeFiles/cmTC_97962.dir/CMakeCXXCompilerABI.cpp.o -c /usr/share/cmake-3.5/Modules/CMakeCXXCompilerABI.cpp]
  ignore line: [Linking CXX executable cmTC_97962]
  ignore line: [/usr/bin/cmake -E cmake_link_script CMakeFiles/cmTC_97962.dir/link.txt --verbose=1]
  ignore line: [/usr/bin/newclang++       -v CMakeFiles/cmTC_97962.dir/CMakeCXXCompilerABI.cpp.o  -o cmTC_97962 -rdynamic  ]
  ignore line: [clang version 6.0.0 (https://github.com/llvm-mirror/clang.git abf562a42defe561f4286a55b795369782c8a1a0) (https://github.com/llvm-mirror/llvm.git f1286127b73c0d81ced8595af62e78ed703ced8b)]
  ignore line: [Target: x86_64-unknown-linux-gnu]
  ignore line: [Thread model: posix]
  ignore line: [InstalledDir: /usr/bin]
  ignore line: [Found candidate GCC installation: /usr/bin/../lib/gcc/x86_64-linux-gnu/4.8]
  ignore line: [Found candidate GCC installation: /usr/bin/../lib/gcc/x86_64-linux-gnu/4.8.5]
  ignore line: [Found candidate GCC installation: /usr/bin/../lib/gcc/x86_64-linux-gnu/5]
  ignore line: [Found candidate GCC installation: /usr/bin/../lib/gcc/x86_64-linux-gnu/5.4.0]
  ignore line: [Found candidate GCC installation: /usr/bin/../lib/gcc/x86_64-linux-gnu/6]
  ignore line: [Found candidate GCC installation: /usr/bin/../lib/gcc/x86_64-linux-gnu/6.3.0]
  ignore line: [Found candidate GCC installation: /usr/bin/../lib/gcc/x86_64-linux-gnu/7]
  ignore line: [Found candidate GCC installation: /usr/bin/../lib/gcc/x86_64-linux-gnu/7.2.0]
  ignore line: [Found candidate GCC installation: /usr/lib/gcc/x86_64-linux-gnu/4.8]
  ignore line: [Found candidate GCC installation: /usr/lib/gcc/x86_64-linux-gnu/4.8.5]
  ignore line: [Found candidate GCC installation: /usr/lib/gcc/x86_64-linux-gnu/5]
  ignore line: [Found candidate GCC installation: /usr/lib/gcc/x86_64-linux-gnu/5.4.0]
  ignore line: [Found candidate GCC installation: /usr/lib/gcc/x86_64-linux-gnu/6]
  ignore line: [Found candidate GCC installation: /usr/lib/gcc/x86_64-linux-gnu/6.3.0]
  ignore line: [Found candidate GCC installation: /usr/lib/gcc/x86_64-linux-gnu/7]
  ignore line: [Found candidate GCC installation: /usr/lib/gcc/x86_64-linux-gnu/7.2.0]
  ignore line: [Selected GCC installation: /usr/bin/../lib/gcc/x86_64-linux-gnu/5.4.0]
  ignore line: [Candidate multilib: .]
  ignore line: [@m64]
  ignore line: [Candidate multilib: 32]
  ignore line: [@m32]
  ignore line: [Candidate multilib: x32]
  ignore line: [@mx32]
  ignore line: [Selected multilib: .]
  ignore line: [@m64]
  link line: [ "/usr/bin/ld" -export-dynamic -z relro --hash-style=gnu --eh-frame-hdr -m elf_x86_64 -export-dynamic -dynamic-linker /lib64/ld-linux-x86-64.so.2 -o cmTC_97962 /usr/bin/../lib/gcc/x86_64-linux-gnu/5.4.0/../../../x86_64-linux-gnu/crt1.o /usr/bin/../lib/gcc/x86_64-linux-gnu/5.4.0/../../../x86_64-linux-gnu/crti.o /usr/bin/../lib/gcc/x86_64-linux-gnu/5.4.0/crtbegin.o -L/usr/bin/../lib/gcc/x86_64-linux-gnu/5.4.0 -L/usr/bin/../lib/gcc/x86_64-linux-gnu/5.4.0/../../../x86_64-linux-gnu -L/lib/x86_64-linux-gnu -L/lib/../lib64 -L/usr/lib/x86_64-linux-gnu -L/usr/bin/../lib/gcc/x86_64-linux-gnu/5.4.0/../../.. -L/home/daniele/llvm/build/bin/../lib -L/lib -L/usr/lib CMakeFiles/cmTC_97962.dir/CMakeCXXCompilerABI.cpp.o -lstdc++ -lm -lgcc_s -lgcc -lc -lgcc_s -lgcc /usr/bin/../lib/gcc/x86_64-linux-gnu/5.4.0/crtend.o /usr/bin/../lib/gcc/x86_64-linux-gnu/5.4.0/../../../x86_64-linux-gnu/crtn.o]
    arg [/usr/bin/ld] ==> ignore
    arg [-export-dynamic] ==> ignore
    arg [-zrelro] ==> ignore
    arg [--hash-style=gnu] ==> ignore
    arg [--eh-frame-hdr] ==> ignore
    arg [-m] ==> ignore
    arg [elf_x86_64] ==> ignore
    arg [-export-dynamic] ==> ignore
    arg [-dynamic-linker] ==> ignore
    arg [/lib64/ld-linux-x86-64.so.2] ==> ignore
    arg [-o] ==> ignore
    arg [cmTC_97962] ==> ignore
    arg [/usr/bin/../lib/gcc/x86_64-linux-gnu/5.4.0/../../../x86_64-linux-gnu/crt1.o] ==> ignore
    arg [/usr/bin/../lib/gcc/x86_64-linux-gnu/5.4.0/../../../x86_64-linux-gnu/crti.o] ==> ignore
    arg [/usr/bin/../lib/gcc/x86_64-linux-gnu/5.4.0/crtbegin.o] ==> ignore
    arg [-L/usr/bin/../lib/gcc/x86_64-linux-gnu/5.4.0] ==> dir [/usr/bin/../lib/gcc/x86_64-linux-gnu/5.4.0]
    arg [-L/usr/bin/../lib/gcc/x86_64-linux-gnu/5.4.0/../../../x86_64-linux-gnu] ==> dir [/usr/bin/../lib/gcc/x86_64-linux-gnu/5.4.0/../../../x86_64-linux-gnu]
    arg [-L/lib/x86_64-linux-gnu] ==> dir [/lib/x86_64-linux-gnu]
    arg [-L/lib/../lib64] ==> dir [/lib/../lib64]
    arg [-L/usr/lib/x86_64-linux-gnu] ==> dir [/usr/lib/x86_64-linux-gnu]
    arg [-L/usr/bin/../lib/gcc/x86_64-linux-gnu/5.4.0/../../..] ==> dir [/usr/bin/../lib/gcc/x86_64-linux-gnu/5.4.0/../../..]
    arg [-L/home/daniele/llvm/build/bin/../lib] ==> dir [/home/daniele/llvm/build/bin/../lib]
    arg [-L/lib] ==> dir [/lib]
    arg [-L/usr/lib] ==> dir [/usr/lib]
    arg [CMakeFiles/cmTC_97962.dir/CMakeCXXCompilerABI.cpp.o] ==> ignore
    arg [-lstdc++] ==> lib [stdc++]
    arg [-lm] ==> lib [m]
    arg [-lgcc_s] ==> lib [gcc_s]
    arg [-lgcc] ==> lib [gcc]
    arg [-lc] ==> lib [c]
    arg [-lgcc_s] ==> lib [gcc_s]
    arg [-lgcc] ==> lib [gcc]
    arg [/usr/bin/../lib/gcc/x86_64-linux-gnu/5.4.0/crtend.o] ==> ignore
    arg [/usr/bin/../lib/gcc/x86_64-linux-gnu/5.4.0/../../../x86_64-linux-gnu/crtn.o] ==> ignore
  remove lib [gcc_s]
  remove lib [gcc]
  remove lib [gcc_s]
  remove lib [gcc]
  collapse library dir [/usr/bin/../lib/gcc/x86_64-linux-gnu/5.4.0] ==> [/usr/lib/gcc/x86_64-linux-gnu/5.4.0]
  collapse library dir [/usr/bin/../lib/gcc/x86_64-linux-gnu/5.4.0/../../../x86_64-linux-gnu] ==> [/usr/lib/x86_64-linux-gnu]
  collapse library dir [/lib/x86_64-linux-gnu] ==> [/lib/x86_64-linux-gnu]
  collapse library dir [/lib/../lib64] ==> [/lib64]
  collapse library dir [/usr/lib/x86_64-linux-gnu] ==> [/usr/lib/x86_64-linux-gnu]
  collapse library dir [/usr/bin/../lib/gcc/x86_64-linux-gnu/5.4.0/../../..] ==> [/usr/lib]
  collapse library dir [/home/daniele/llvm/build/bin/../lib] ==> [/home/daniele/llvm/build/lib]
  collapse library dir [/lib] ==> [/lib]
  collapse library dir [/usr/lib] ==> [/usr/lib]
  implicit libs: [stdc++;m;c]
  implicit dirs: [/usr/lib/gcc/x86_64-linux-gnu/5.4.0;/usr/lib/x86_64-linux-gnu;/lib/x86_64-linux-gnu;/lib64;/usr/lib;/home/daniele/llvm/build/lib;/lib]
  implicit fwks: []




Detecting CXX [-std=c++14] compiler features compiled with the following output:
Change Dir: /home/daniele/tesla/tesla-static-analysis/CMakeFiles/CMakeTmp

Run Build Command:"/usr/bin/make" "cmTC_a9423/fast"
/usr/bin/make -f CMakeFiles/cmTC_a9423.dir/build.make CMakeFiles/cmTC_a9423.dir/build
make[1]: Entering directory '/home/daniele/tesla/tesla-static-analysis/CMakeFiles/CMakeTmp'
Building CXX object CMakeFiles/cmTC_a9423.dir/feature_tests.cxx.o
/usr/bin/newclang++     -std=c++14 -o CMakeFiles/cmTC_a9423.dir/feature_tests.cxx.o -c /home/daniele/tesla/tesla-static-analysis/CMakeFiles/feature_tests.cxx
Linking CXX executable cmTC_a9423
/usr/bin/cmake -E cmake_link_script CMakeFiles/cmTC_a9423.dir/link.txt --verbose=1
/usr/bin/newclang++        CMakeFiles/cmTC_a9423.dir/feature_tests.cxx.o  -o cmTC_a9423 -rdynamic 
make[1]: Leaving directory '/home/daniele/tesla/tesla-static-analysis/CMakeFiles/CMakeTmp'


    Feature record: CXX_FEATURE:1cxx_aggregate_default_initializers
    Feature record: CXX_FEATURE:1cxx_alias_templates
    Feature record: CXX_FEATURE:1cxx_alignas
    Feature record: CXX_FEATURE:1cxx_alignof
    Feature record: CXX_FEATURE:1cxx_attributes
    Feature record: CXX_FEATURE:1cxx_attribute_deprecated
    Feature record: CXX_FEATURE:1cxx_auto_type
    Feature record: CXX_FEATURE:1cxx_binary_literals
    Feature record: CXX_FEATURE:1cxx_constexpr
    Feature record: CXX_FEATURE:1cxx_contextual_conversions
    Feature record: CXX_FEATURE:1cxx_decltype
    Feature record: CXX_FEATURE:1cxx_decltype_auto
    Feature record: CXX_FEATURE:1cxx_decltype_incomplete_return_types
    Feature record: CXX_FEATURE:1cxx_default_function_template_args
    Feature record: CXX_FEATURE:1cxx_defaulted_functions
    Feature record: CXX_FEATURE:1cxx_defaulted_move_initializers
    Feature record: CXX_FEATURE:1cxx_delegating_constructors
    Feature record: CXX_FEATURE:1cxx_deleted_functions
    Feature record: CXX_FEATURE:1cxx_digit_separators
    Feature record: CXX_FEATURE:1cxx_enum_forward_declarations
    Feature record: CXX_FEATURE:1cxx_explicit_conversions
    Feature record: CXX_FEATURE:1cxx_extended_friend_declarations
    Feature record: CXX_FEATURE:1cxx_extern_templates
    Feature record: CXX_FEATURE:1cxx_final
    Feature record: CXX_FEATURE:1cxx_func_identifier
    Feature record: CXX_FEATURE:1cxx_generalized_initializers
    Feature record: CXX_FEATURE:1cxx_generic_lambdas
    Feature record: CXX_FEATURE:1cxx_inheriting_constructors
    Feature record: CXX_FEATURE:1cxx_inline_namespaces
    Feature record: CXX_FEATURE:1cxx_lambdas
    Feature record: CXX_FEATURE:1cxx_lambda_init_captures
    Feature record: CXX_FEATURE:1cxx_local_type_template_args
    Feature record: CXX_FEATURE:1cxx_long_long_type
    Feature record: CXX_FEATURE:1cxx_noexcept
    Feature record: CXX_FEATURE:1cxx_nonstatic_member_init
    Feature record: CXX_FEATURE:1cxx_nullptr
    Feature record: CXX_FEATURE:1cxx_override
    Feature record: CXX_FEATURE:1cxx_range_for
    Feature record: CXX_FEATURE:1cxx_raw_string_literals
    Feature record: CXX_FEATURE:1cxx_reference_qualified_functions
    Feature record: CXX_FEATURE:1cxx_relaxed_constexpr
    Feature record: CXX_FEATURE:1cxx_return_type_deduction
    Feature record: CXX_FEATURE:1cxx_right_angle_brackets
    Feature record: CXX_FEATURE:1cxx_rvalue_references
    Feature record: CXX_FEATURE:1cxx_sizeof_member
    Feature record: CXX_FEATURE:1cxx_static_assert
    Feature record: CXX_FEATURE:1cxx_strong_enums
    Feature record: CXX_FEATURE:1cxx_template_template_parameters
    Feature record: CXX_FEATURE:1cxx_thread_local
    Feature record: CXX_FEATURE:1cxx_trailing_return_types
    Feature record: CXX_FEATURE:1cxx_unicode_literals
    Feature record: CXX_FEATURE:1cxx_uniform_initialization
    Feature record: CXX_FEATURE:1cxx_unrestricted_unions
    Feature record: CXX_FEATURE:1cxx_user_literals
    Feature record: CXX_FEATURE:1cxx_variable_templates
    Feature record: CXX_FEATURE:1cxx_variadic_macros
    Feature record: CXX_FEATURE:1cxx_variadic_templates


Detecting CXX [-std=c++11] compiler features compiled with the following output:
Change Dir: /home/daniele/tesla/tesla-static-analysis/CMakeFiles/CMakeTmp

Run Build Command:"/usr/bin/make" "cmTC_11c0e/fast"
/usr/bin/make -f CMakeFiles/cmTC_11c0e.dir/build.make CMakeFiles/cmTC_11c0e.dir/build
make[1]: Entering directory '/home/daniele/tesla/tesla-static-analysis/CMakeFiles/CMakeTmp'
Building CXX object CMakeFiles/cmTC_11c0e.dir/feature_tests.cxx.o
/usr/bin/newclang++     -std=c++11 -o CMakeFiles/cmTC_11c0e.dir/feature_tests.cxx.o -c /home/daniele/tesla/tesla-static-analysis/CMakeFiles/feature_tests.cxx
Linking CXX executable cmTC_11c0e
/usr/bin/cmake -E cmake_link_script CMakeFiles/cmTC_11c0e.dir/link.txt --verbose=1
/usr/bin/newclang++        CMakeFiles/cmTC_11c0e.dir/feature_tests.cxx.o  -o cmTC_11c0e -rdynamic 
make[1]: Leaving directory '/home/daniele/tesla/tesla-static-analysis/CMakeFiles/CMakeTmp'


    Feature record: CXX_FEATURE:0cxx_aggregate_default_initializers
    Feature record: CXX_FEATURE:1cxx_alias_templates
    Feature record: CXX_FEATURE:1cxx_alignas
    Feature record: CXX_FEATURE:1cxx_alignof
    Feature record: CXX_FEATURE:1cxx_attributes
    Feature record: CXX_FEATURE:0cxx_attribute_deprecated
    Feature record: CXX_FEATURE:1cxx_auto_type
    Feature record: CXX_FEATURE:0cxx_binary_literals
    Feature record: CXX_FEATURE:1cxx_constexpr
    Feature record: CXX_FEATURE:0cxx_contextual_conversions
    Feature record: CXX_FEATURE:1cxx_decltype
    Feature record: CXX_FEATURE:0cxx_decltype_auto
    Feature record: CXX_FEATURE:1cxx_decltype_incomplete_return_types
    Feature record: CXX_FEATURE:1cxx_default_function_template_args
    Feature record: CXX_FEATURE:1cxx_defaulted_functions
    Feature record: CXX_FEATURE:1cxx_defaulted_move_initializers
    Feature record: CXX_FEATURE:1cxx_delegating_constructors
    Feature record: CXX_FEATURE:1cxx_deleted_functions
    Feature record: CXX_FEATURE:0cxx_digit_separators
    Feature record: CXX_FEATURE:1cxx_enum_forward_declarations
    Feature record: CXX_FEATURE:1cxx_explicit_conversions
    Feature record: CXX_FEATURE:1cxx_extended_friend_declarations
    Feature record: CXX_FEATURE:1cxx_extern_templates
    Feature record: CXX_FEATURE:1cxx_final
    Feature record: CXX_FEATURE:1cxx_func_identifier
    Feature record: CXX_FEATURE:1cxx_generalized_initializers
    Feature record: CXX_FEATURE:0cxx_generic_lambdas
    Feature record: CXX_FEATURE:1cxx_inheriting_constructors
    Feature record: CXX_FEATURE:1cxx_inline_namespaces
    Feature record: CXX_FEATURE:1cxx_lambdas
    Feature record: CXX_FEATURE:0cxx_lambda_init_captures
    Feature record: CXX_FEATURE:1cxx_local_type_template_args
    Feature record: CXX_FEATURE:1cxx_long_long_type
    Feature record: CXX_FEATURE:1cxx_noexcept
    Feature record: CXX_FEATURE:1cxx_nonstatic_member_init
    Feature record: CXX_FEATURE:1cxx_nullptr
    Feature record: CXX_FEATURE:1cxx_override
    Feature record: CXX_FEATURE:1cxx_range_for
    Feature record: CXX_FEATURE:1cxx_raw_string_literals
    Feature record: CXX_FEATURE:1cxx_reference_qualified_functions
    Feature record: CXX_FEATURE:0cxx_relaxed_constexpr
    Feature record: CXX_FEATURE:0cxx_return_type_deduction
    Feature record: CXX_FEATURE:1cxx_right_angle_brackets
    Feature record: CXX_FEATURE:1cxx_rvalue_references
    Feature record: CXX_FEATURE:1cxx_sizeof_member
    Feature record: CXX_FEATURE:1cxx_static_assert
    Feature record: CXX_FEATURE:1cxx_strong_enums
    Feature record: CXX_FEATURE:1cxx_template_template_parameters
    Feature record: CXX_FEATURE:1cxx_thread_local
    Feature record: CXX_FEATURE:1cxx_trailing_return_types
    Feature record: CXX_FEATURE:1cxx_unicode_literals
    Feature record: CXX_FEATURE:1cxx_uniform_initialization
    Feature record: CXX_FEATURE:1cxx_unrestricted_unions
    Feature record: CXX_FEATURE:1cxx_user_literals
    Feature record: CXX_FEATURE:0cxx_variable_templates
    Feature record: CXX_FEATURE:1cxx_variadic_macros
    Feature record: CXX_FEATURE:1cxx_variadic_templates


Detecting CXX [-std=c++98] compiler features compiled with the following output:
Change Dir: /home/daniele/tesla/tesla-static-analysis/CMakeFiles/CMakeTmp

Run Build Command:"/usr/bin/make" "cmTC_5f281/fast"
/usr/bin/make -f CMakeFiles/cmTC_5f281.dir/build.make CMakeFiles/cmTC_5f281.dir/build
make[1]: Entering directory '/home/daniele/tesla/tesla-static-analysis/CMakeFiles/CMakeTmp'
Building CXX object CMakeFiles/cmTC_5f281.dir/feature_tests.cxx.o
/usr/bin/newclang++     -std=c++98 -o CMakeFiles/cmTC_5f281.dir/feature_tests.cxx.o -c /home/daniele/tesla/tesla-static-analysis/CMakeFiles/feature_tests.cxx
Linking CXX executable cmTC_5f281
/usr/bin/cmake -E cmake_link_script CMakeFiles/cmTC_5f281.dir/link.txt --verbose=1
/usr/bin/newclang++        CMakeFiles/cmTC_5f281.dir/feature_tests.cxx.o  -o cmTC_5f281 -rdynamic 
make[1]: Leaving directory '/home/daniele/tesla/tesla-static-analysis/CMakeFiles/CMakeTmp'


    Feature record: CXX_FEATURE:0cxx_aggregate_default_initializers
    Feature record: CXX_FEATURE:0cxx_alias_templates
    Feature record: CXX_FEATURE:0cxx_alignas
    Feature record: CXX_FEATURE:0cxx_alignof
    Feature record: CXX_FEATURE:0cxx_attributes
    Feature record: CXX_FEATURE:0cxx_attribute_deprecated
    Feature record: CXX_FEATURE:0cxx_auto_type
    Feature record: CXX_FEATURE:0cxx_binary_literals
    Feature record: CXX_FEATURE:0cxx_constexpr
    Feature record: CXX_FEATURE:0cxx_contextual_conversions
    Feature record: CXX_FEATURE:0cxx_decltype
    Feature record: CXX_FEATURE:0cxx_decltype_auto
    Feature record: CXX_FEATURE:0cxx_decltype_incomplete_return_types
    Feature record: CXX_FEATURE:0cxx_default_function_template_args
    Feature record: CXX_FEATURE:0cxx_defaulted_functions
    Feature record: CXX_FEATURE:0cxx_defaulted_move_initializers
    Feature record: CXX_FEATURE:0cxx_delegating_constructors
    Feature record: CXX_FEATURE:0cxx_deleted_functions
    Feature record: CXX_FEATURE:0cxx_digit_separators
    Feature record: CXX_FEATURE:0cxx_enum_forward_declarations
    Feature record: CXX_FEATURE:0cxx_explicit_conversions
    Feature record: CXX_FEATURE:0cxx_extended_friend_declarations
    Feature record: CXX_FEATURE:0cxx_extern_templates
    Feature record: CXX_FEATURE:0cxx_final
    Feature record: CXX_FEATURE:0cxx_func_identifier
    Feature record: CXX_FEATURE:0cxx_generalized_initializers
    Feature record: CXX_FEATURE:0cxx_generic_lambdas
    Feature record: CXX_FEATURE:0cxx_inheriting_constructors
    Feature record: CXX_FEATURE:0cxx_inline_namespaces
    Feature record: CXX_FEATURE:0cxx_lambdas
    Feature record: CXX_FEATURE:0cxx_lambda_init_captures
    Feature record: CXX_FEATURE:0cxx_local_type_template_args
    Feature record: CXX_FEATURE:0cxx_long_long_type
    Feature record: CXX_FEATURE:0cxx_noexcept
    Feature record: CXX_FEATURE:0cxx_nonstatic_member_init
    Feature record: CXX_FEATURE:0cxx_nullptr
    Feature record: CXX_FEATURE:0cxx_override
    Feature record: CXX_FEATURE:0cxx_range_for
    Feature record: CXX_FEATURE:0cxx_raw_string_literals
    Feature record: CXX_FEATURE:0cxx_reference_qualified_functions
    Feature record: CXX_FEATURE:0cxx_relaxed_constexpr
    Feature record: CXX_FEATURE:0cxx_return_type_deduction
    Feature record: CXX_FEATURE:0cxx_right_angle_brackets
    Feature record: CXX_FEATURE:0cxx_rvalue_references
    Feature record: CXX_FEATURE:0cxx_sizeof_member
    Feature record: CXX_FEATURE:0cxx_static_assert
    Feature record: CXX_FEATURE:0cxx_strong_enums
    Feature record: CXX_FEATURE:1cxx_template_template_parameters
    Feature record: CXX_FEATURE:0cxx_thread_local
    Feature record: CXX_FEATURE:0cxx_trailing_return_types
    Feature record: CXX_FEATURE:0cxx_unicode_literals
    Feature record: CXX_FEATURE:0cxx_uniform_initialization
    Feature record: CXX_FEATURE:0cxx_unrestricted_unions
    Feature record: CXX_FEATURE:0cxx_user_literals
    Feature record: CXX_FEATURE:0cxx_variable_templates
    Feature record: CXX_FEATURE:0cxx_variadic_macros
    Feature record: CXX_FEATURE:0cxx_variadic_templates
Determining if the function strnlen exists passed with the following output:
Change Dir: /home/daniele/tesla/tesla-static-analysis/CMakeFiles/CMakeTmp

Run Build Command:"/usr/bin/make" "cmTC_2bae8/fast"
/usr/bin/make -f CMakeFiles/cmTC_2bae8.dir/build.make CMakeFiles/cmTC_2bae8.dir/build
make[1]: Entering directory '/home/daniele/tesla/tesla-static-analysis/CMakeFiles/CMakeTmp'
Building C object CMakeFiles/cmTC_2bae8.dir/CheckFunctionExists.c.o
/usr/bin/newclang    -Wall -Wstrict-prototypes -std=c99 -DCHECK_FUNCTION_EXISTS=strnlen   -o CMakeFiles/cmTC_2bae8.dir/CheckFunctionExists.c.o   -c /usr/share/cmake-3.5/Modules/CheckFunctionExists.c
/usr/share/cmake-3.5/Modules/CheckFunctionExists.c:6:27: warning: this function declaration is not a prototype [-Wstrict-prototypes]
char CHECK_FUNCTION_EXISTS();
                          ^
                           void
1 warning generated.
Linking C executable cmTC_2bae8
/usr/bin/cmake -E cmake_link_script CMakeFiles/cmTC_2bae8.dir/link.txt --verbose=1
/usr/bin/newclang   -Wall -Wstrict-prototypes -std=c99 -DCHECK_FUNCTION_EXISTS=strnlen    CMakeFiles/cmTC_2bae8.dir/CheckFunctionExists.c.o  -o cmTC_2bae8 -rdynamic 
make[1]: Leaving directory '/home/daniele/tesla/tesla-static-analysis/CMakeFiles/CMakeTmp'


Determining if the include file pthread.h exists passed with the following output:
Change Dir: /home/daniele/tesla/tesla-static-analysis/CMakeFiles/CMakeTmp

Run Build Command:"/usr/bin/make" "cmTC_a69cb/fast"
/usr/bin/make -f CMakeFiles/cmTC_a69cb.dir/build.make CMakeFiles/cmTC_a69cb.dir/build
make[1]: Entering directory '/home/daniele/tesla/tesla-static-analysis/CMakeFiles/CMakeTmp'
Building C object CMakeFiles/cmTC_a69cb.dir/CheckIncludeFile.c.o
/usr/bin/newclang    -Wall -Wstrict-prototypes -std=c99 -Wmissing-prototypes -Wpointer-arith -Wreturn-type -Wcast-qual -Wwrite-strings -Wswitch -Wshadow -Wunused-parameter -Wcast-align -Wchar-subscripts -Winline -Wnested-externs -Wredundant-decls -Wold-style-definition -fPIC    -o CMakeFiles/cmTC_a69cb.dir/CheckIncludeFile.c.o   -c /home/daniele/tesla/tesla-static-analysis/CMakeFiles/CMakeTmp/CheckIncludeFile.c
Linking C executable cmTC_a69cb
/usr/bin/cmake -E cmake_link_script CMakeFiles/cmTC_a69cb.dir/link.txt --verbose=1
/usr/bin/newclang   -Wall -Wstrict-prototypes -std=c99 -Wmissing-prototypes -Wpointer-arith -Wreturn-type -Wcast-qual -Wwrite-strings -Wswitch -Wshadow -Wunused-parameter -Wcast-align -Wchar-subscripts -Winline -Wnested-externs -Wredundant-decls -Wold-style-definition -fPIC     CMakeFiles/cmTC_a69cb.dir/CheckIncludeFile.c.o  -o cmTC_a69cb -rdynamic 
make[1]: Leaving directory '/home/daniele/tesla/tesla-static-analysis/CMakeFiles/CMakeTmp'


Determining if the function pthread_create exists in the pthread passed with the following output:
Change Dir: /home/daniele/tesla/tesla-static-analysis/CMakeFiles/CMakeTmp

Run Build Command:"/usr/bin/make" "cmTC_b0807/fast"
/usr/bin/make -f CMakeFiles/cmTC_b0807.dir/build.make CMakeFiles/cmTC_b0807.dir/build
make[1]: Entering directory '/home/daniele/tesla/tesla-static-analysis/CMakeFiles/CMakeTmp'
Building C object CMakeFiles/cmTC_b0807.dir/CheckFunctionExists.c.o
/usr/bin/newclang    -Wall -Wstrict-prototypes -std=c99 -Wmissing-prototypes -Wpointer-arith -Wreturn-type -Wcast-qual -Wwrite-strings -Wswitch -Wshadow -Wunused-parameter -Wcast-align -Wchar-subscripts -Winline -Wnested-externs -Wredundant-decls -Wold-style-definition -fPIC -DCHECK_FUNCTION_EXISTS=pthread_create   -o CMakeFiles/cmTC_b0807.dir/CheckFunctionExists.c.o   -c /usr/share/cmake-3.5/Modules/CheckFunctionExists.c
/usr/share/cmake-3.5/Modules/CheckFunctionExists.c:6:27: warning: this function declaration is not a prototype [-Wstrict-prototypes]
char CHECK_FUNCTION_EXISTS();
                          ^
                           void
1 warning generated.
Linking C executable cmTC_b0807
/usr/bin/cmake -E cmake_link_script CMakeFiles/cmTC_b0807.dir/link.txt --verbose=1
/usr/bin/newclang   -Wall -Wstrict-prototypes -std=c99 -Wmissing-prototypes -Wpointer-arith -Wreturn-type -Wcast-qual -Wwrite-strings -Wswitch -Wshadow -Wunused-parameter -Wcast-align -Wchar-subscripts -Winline -Wnested-externs -Wredundant-decls -Wold-style-definition -fPIC -DCHECK_FUNCTION_EXISTS=pthread_create    CMakeFiles/cmTC_b0807.dir/CheckFunctionExists.c.o  -o cmTC_b0807 -rdynamic -lpthread 
make[1]: Leaving directory '/home/daniele/tesla/tesla-static-analysis/CMakeFiles/CMakeTmp'


Performing C++ SOURCE FILE Test LLVM_NO_OLD_LIBSTDCXX succeeded with the following output:
Change Dir: /home/daniele/tesla/tesla-static-analysis/CMakeFiles/CMakeTmp

Run Build Command:"/usr/bin/make" "cmTC_79cd0/fast"
/usr/bin/make -f CMakeFiles/cmTC_79cd0.dir/build.make CMakeFiles/cmTC_79cd0.dir/build
make[1]: Entering directory '/home/daniele/tesla/tesla-static-analysis/CMakeFiles/CMakeTmp'
Building CXX object CMakeFiles/cmTC_79cd0.dir/src.cxx.o
/usr/bin/newclang++     -std=c++14 -pthread -ltinfo -fPIC -DLLVM_NO_OLD_LIBSTDCXX  -std=c++0x   -o CMakeFiles/cmTC_79cd0.dir/src.cxx.o -c /home/daniele/tesla/tesla-static-analysis/CMakeFiles/CMakeTmp/src.cxx
clang-6.0: warning: -ltinfo: 'linker' input unused [-Wunused-command-line-argument]
Linking CXX executable cmTC_79cd0
/usr/bin/cmake -E cmake_link_script CMakeFiles/cmTC_79cd0.dir/link.txt --verbose=1
/usr/bin/newclang++   -std=c++14 -pthread -ltinfo -fPIC -DLLVM_NO_OLD_LIBSTDCXX  -std=c++0x    CMakeFiles/cmTC_79cd0.dir/src.cxx.o  -o cmTC_79cd0 -rdynamic 
make[1]: Leaving directory '/home/daniele/tesla/tesla-static-analysis/CMakeFiles/CMakeTmp'

Source file was:

#include <atomic>
std::atomic<float> x(0.0f);
int main() { return (float)x; }
Performing C SOURCE FILE Test C_SUPPORTS_FPIC succeeded with the following output:
Change Dir: /home/daniele/tesla/tesla-static-analysis/CMakeFiles/CMakeTmp

Run Build Command:"/usr/bin/make" "cmTC_c3cf5/fast"
/usr/bin/make -f CMakeFiles/cmTC_c3cf5.dir/build.make CMakeFiles/cmTC_c3cf5.dir/build
make[1]: Entering directory '/home/daniele/tesla/tesla-static-analysis/CMakeFiles/CMakeTmp'
Building C object CMakeFiles/cmTC_c3cf5.dir/src.c.o
/usr/bin/newclang    -DC_SUPPORTS_FPIC   -Werror -fPIC -o CMakeFiles/cmTC_c3cf5.dir/src.c.o   -c /home/daniele/tesla/tesla-static-analysis/CMakeFiles/CMakeTmp/src.c
Linking C executable cmTC_c3cf5
/usr/bin/cmake -E cmake_link_script CMakeFiles/cmTC_c3cf5.dir/link.txt --verbose=1
/usr/bin/newclang   -DC_SUPPORTS_FPIC    CMakeFiles/cmTC_c3cf5.dir/src.c.o  -o cmTC_c3cf5 -rdynamic 
make[1]: Leaving directory '/home/daniele/tesla/tesla-static-analysis/CMakeFiles/CMakeTmp'

Source file was:
int main(void) { return 0; }
Performing C++ SOURCE FILE Test SUPPORTS_FVISIBILITY_INLINES_HIDDEN_FLAG succeeded with the following output:
Change Dir: /home/daniele/tesla/tesla-static-analysis/CMakeFiles/CMakeTmp

Run Build Command:"/usr/bin/make" "cmTC_1e60f/fast"
/usr/bin/make -f CMakeFiles/cmTC_1e60f.dir/build.make CMakeFiles/cmTC_1e60f.dir/build
make[1]: Entering directory '/home/daniele/tesla/tesla-static-analysis/CMakeFiles/CMakeTmp'
Building CXX object CMakeFiles/cmTC_1e60f.dir/src.cxx.o
/usr/bin/newclang++     -std=c++14 -pthread -ltinfo -fPIC -DSUPPORTS_FVISIBILITY_INLINES_HIDDEN_FLAG   -fvisibility-inlines-hidden -o CMakeFiles/cmTC_1e60f.dir/src.cxx.o -c /home/daniele/tesla/tesla-static-analysis/CMakeFiles/CMakeTmp/src.cxx
clang-6.0: warning: -ltinfo: 'linker' input unused [-Wunused-command-line-argument]
Linking CXX executable cmTC_1e60f
/usr/bin/cmake -E cmake_link_script CMakeFiles/cmTC_1e60f.dir/link.txt --verbose=1
/usr/bin/newclang++   -std=c++14 -pthread -ltinfo -fPIC -DSUPPORTS_FVISIBILITY_INLINES_HIDDEN_FLAG    CMakeFiles/cmTC_1e60f.dir/src.cxx.o  -o cmTC_1e60f -rdynamic 
make[1]: Leaving directory '/home/daniele/tesla/tesla-static-analysis/CMakeFiles/CMakeTmp'

Source file was:
int main() { return 0; }
Performing C SOURCE FILE Test C_SUPPORTS_WERROR_DATE_TIME succeeded with the following output:
Change Dir: /home/daniele/tesla/tesla-static-analysis/CMakeFiles/CMakeTmp

Run Build Command:"/usr/bin/make" "cmTC_38018/fast"
/usr/bin/make -f CMakeFiles/cmTC_38018.dir/build.make CMakeFiles/cmTC_38018.dir/build
make[1]: Entering directory '/home/daniele/tesla/tesla-static-analysis/CMakeFiles/CMakeTmp'
Building C object CMakeFiles/cmTC_38018.dir/src.c.o
/usr/bin/newclang    -DC_SUPPORTS_WERROR_DATE_TIME   -Werror -Werror=date-time -o CMakeFiles/cmTC_38018.dir/src.c.o   -c /home/daniele/tesla/tesla-static-analysis/CMakeFiles/CMakeTmp/src.c
Linking C executable cmTC_38018
/usr/bin/cmake -E cmake_link_script CMakeFiles/cmTC_38018.dir/link.txt --verbose=1
/usr/bin/newclang   -DC_SUPPORTS_WERROR_DATE_TIME    CMakeFiles/cmTC_38018.dir/src.c.o  -o cmTC_38018 -rdynamic 
make[1]: Leaving directory '/home/daniele/tesla/tesla-static-analysis/CMakeFiles/CMakeTmp'

Source file was:
int main(void) { return 0; }
Performing C SOURCE FILE Test C_SUPPORTS_WERROR_UNGUARDED_AVAILABILITY_NEW succeeded with the following output:
Change Dir: /home/daniele/tesla/tesla-static-analysis/CMakeFiles/CMakeTmp

Run Build Command:"/usr/bin/make" "cmTC_c52b8/fast"
/usr/bin/make -f CMakeFiles/cmTC_c52b8.dir/build.make CMakeFiles/cmTC_c52b8.dir/build
make[1]: Entering directory '/home/daniele/tesla/tesla-static-analysis/CMakeFiles/CMakeTmp'
Building C object CMakeFiles/cmTC_c52b8.dir/src.c.o
/usr/bin/newclang    -Werror=date-time -DC_SUPPORTS_WERROR_UNGUARDED_AVAILABILITY_NEW   -Werror -Werror=unguarded-availability-new -o CMakeFiles/cmTC_c52b8.dir/src.c.o   -c /home/daniele/tesla/tesla-static-analysis/CMakeFiles/CMakeTmp/src.c
Linking C executable cmTC_c52b8
/usr/bin/cmake -E cmake_link_script CMakeFiles/cmTC_c52b8.dir/link.txt --verbose=1
/usr/bin/newclang   -Werror=date-time -DC_SUPPORTS_WERROR_UNGUARDED_AVAILABILITY_NEW    CMakeFiles/cmTC_c52b8.dir/src.c.o  -o cmTC_c52b8 -rdynamic 
make[1]: Leaving directory '/home/daniele/tesla/tesla-static-analysis/CMakeFiles/CMakeTmp'

Source file was:
int main(void) { return 0; }
Performing C++ SOURCE FILE Test CXX_SUPPORTS_CXX11 succeeded with the following output:
Change Dir: /home/daniele/tesla/tesla-static-analysis/CMakeFiles/CMakeTmp

Run Build Command:"/usr/bin/make" "cmTC_6e9e8/fast"
/usr/bin/make -f CMakeFiles/cmTC_6e9e8.dir/build.make CMakeFiles/cmTC_6e9e8.dir/build
make[1]: Entering directory '/home/daniele/tesla/tesla-static-analysis/CMakeFiles/CMakeTmp'
Building CXX object CMakeFiles/cmTC_6e9e8.dir/src.cxx.o
/usr/bin/newclang++     -std=c++14 -pthread -ltinfo -fPIC -fvisibility-inlines-hidden -DCXX_SUPPORTS_CXX11   -std=c++11 -o CMakeFiles/cmTC_6e9e8.dir/src.cxx.o -c /home/daniele/tesla/tesla-static-analysis/CMakeFiles/CMakeTmp/src.cxx
clang-6.0: warning: -ltinfo: 'linker' input unused [-Wunused-command-line-argument]
Linking CXX executable cmTC_6e9e8
/usr/bin/cmake -E cmake_link_script CMakeFiles/cmTC_6e9e8.dir/link.txt --verbose=1
/usr/bin/newclang++   -std=c++14 -pthread -ltinfo -fPIC -fvisibility-inlines-hidden -DCXX_SUPPORTS_CXX11    CMakeFiles/cmTC_6e9e8.dir/src.cxx.o  -o cmTC_6e9e8 -rdynamic 
make[1]: Leaving directory '/home/daniele/tesla/tesla-static-analysis/CMakeFiles/CMakeTmp'

Source file was:
int main() { return 0; }
Performing C SOURCE FILE Test C_SUPPORTS_FNO_FUNCTION_SECTIONS succeeded with the following output:
Change Dir: /home/daniele/tesla/tesla-static-analysis/CMakeFiles/CMakeTmp

Run Build Command:"/usr/bin/make" "cmTC_77f98/fast"
/usr/bin/make -f CMakeFiles/cmTC_77f98.dir/build.make CMakeFiles/cmTC_77f98.dir/build
make[1]: Entering directory '/home/daniele/tesla/tesla-static-analysis/CMakeFiles/CMakeTmp'
Building C object CMakeFiles/cmTC_77f98.dir/src.c.o
/usr/bin/newclang    -Werror=date-time -Werror=unguarded-availability-new -w -DC_SUPPORTS_FNO_FUNCTION_SECTIONS   -Werror -fno-function-sections -o CMakeFiles/cmTC_77f98.dir/src.c.o   -c /home/daniele/tesla/tesla-static-analysis/CMakeFiles/CMakeTmp/src.c
Linking C executable cmTC_77f98
/usr/bin/cmake -E cmake_link_script CMakeFiles/cmTC_77f98.dir/link.txt --verbose=1
/usr/bin/newclang   -Werror=date-time -Werror=unguarded-availability-new -w -DC_SUPPORTS_FNO_FUNCTION_SECTIONS    CMakeFiles/cmTC_77f98.dir/src.c.o  -o cmTC_77f98 -rdynamic 
make[1]: Leaving directory '/home/daniele/tesla/tesla-static-analysis/CMakeFiles/CMakeTmp'

Source file was:
int main(void) { return 0; }
Performing C SOURCE FILE Test C_SUPPORTS_FFUNCTION_SECTIONS succeeded with the following output:
Change Dir: /home/daniele/tesla/tesla-static-analysis/CMakeFiles/CMakeTmp

Run Build Command:"/usr/bin/make" "cmTC_e9fae/fast"
/usr/bin/make -f CMakeFiles/cmTC_e9fae.dir/build.make CMakeFiles/cmTC_e9fae.dir/build
make[1]: Entering directory '/home/daniele/tesla/tesla-static-analysis/CMakeFiles/CMakeTmp'
Building C object CMakeFiles/cmTC_e9fae.dir/src.c.o
/usr/bin/newclang    -Werror=date-time -Werror=unguarded-availability-new -w -DC_SUPPORTS_FFUNCTION_SECTIONS   -Werror -ffunction-sections -o CMakeFiles/cmTC_e9fae.dir/src.c.o   -c /home/daniele/tesla/tesla-static-analysis/CMakeFiles/CMakeTmp/src.c
Linking C executable cmTC_e9fae
/usr/bin/cmake -E cmake_link_script CMakeFiles/cmTC_e9fae.dir/link.txt --verbose=1
/usr/bin/newclang   -Werror=date-time -Werror=unguarded-availability-new -w -DC_SUPPORTS_FFUNCTION_SECTIONS    CMakeFiles/cmTC_e9fae.dir/src.c.o  -o cmTC_e9fae -rdynamic 
make[1]: Leaving directory '/home/daniele/tesla/tesla-static-analysis/CMakeFiles/CMakeTmp'

Source file was:
int main(void) { return 0; }
Performing C++ SOURCE FILE Test CXX_SUPPORTS_FFUNCTION_SECTIONS succeeded with the following output:
Change Dir: /home/daniele/tesla/tesla-static-analysis/CMakeFiles/CMakeTmp

Run Build Command:"/usr/bin/make" "cmTC_4dc21/fast"
/usr/bin/make -f CMakeFiles/cmTC_4dc21.dir/build.make CMakeFiles/cmTC_4dc21.dir/build
make[1]: Entering directory '/home/daniele/tesla/tesla-static-analysis/CMakeFiles/CMakeTmp'
Building CXX object CMakeFiles/cmTC_4dc21.dir/src.cxx.o
/usr/bin/newclang++     -std=c++14 -pthread -ltinfo -fPIC -fvisibility-inlines-hidden -std=c++11 -w -DCXX_SUPPORTS_FFUNCTION_SECTIONS   -Werror -ffunction-sections -o CMakeFiles/cmTC_4dc21.dir/src.cxx.o -c /home/daniele/tesla/tesla-static-analysis/CMakeFiles/CMakeTmp/src.cxx
Linking CXX executable cmTC_4dc21
/usr/bin/cmake -E cmake_link_script CMakeFiles/cmTC_4dc21.dir/link.txt --verbose=1
/usr/bin/newclang++   -std=c++14 -pthread -ltinfo -fPIC -fvisibility-inlines-hidden -std=c++11 -w -DCXX_SUPPORTS_FFUNCTION_SECTIONS    CMakeFiles/cmTC_4dc21.dir/src.cxx.o  -o cmTC_4dc21 -rdynamic 
make[1]: Leaving directory '/home/daniele/tesla/tesla-static-analysis/CMakeFiles/CMakeTmp'

Source file was:
int main() { return 0; }
Performing C SOURCE FILE Test C_SUPPORTS_FDATA_SECTIONS succeeded with the following output:
Change Dir: /home/daniele/tesla/tesla-static-analysis/CMakeFiles/CMakeTmp

Run Build Command:"/usr/bin/make" "cmTC_ad591/fast"
/usr/bin/make -f CMakeFiles/cmTC_ad591.dir/build.make CMakeFiles/cmTC_ad591.dir/build
make[1]: Entering directory '/home/daniele/tesla/tesla-static-analysis/CMakeFiles/CMakeTmp'
Building C object CMakeFiles/cmTC_ad591.dir/src.c.o
/usr/bin/newclang    -Werror=date-time -Werror=unguarded-availability-new -w -ffunction-sections -DC_SUPPORTS_FDATA_SECTIONS   -Werror -fdata-sections -o CMakeFiles/cmTC_ad591.dir/src.c.o   -c /home/daniele/tesla/tesla-static-analysis/CMakeFiles/CMakeTmp/src.c
Linking C executable cmTC_ad591
/usr/bin/cmake -E cmake_link_script CMakeFiles/cmTC_ad591.dir/link.txt --verbose=1
/usr/bin/newclang   -Werror=date-time -Werror=unguarded-availability-new -w -ffunction-sections -DC_SUPPORTS_FDATA_SECTIONS    CMakeFiles/cmTC_ad591.dir/src.c.o  -o cmTC_ad591 -rdynamic 
make[1]: Leaving directory '/home/daniele/tesla/tesla-static-analysis/CMakeFiles/CMakeTmp'

Source file was:
int main(void) { return 0; }
Performing C++ SOURCE FILE Test CXX_SUPPORTS_FDATA_SECTIONS succeeded with the following output:
Change Dir: /home/daniele/tesla/tesla-static-analysis/CMakeFiles/CMakeTmp

Run Build Command:"/usr/bin/make" "cmTC_b45b9/fast"
/usr/bin/make -f CMakeFiles/cmTC_b45b9.dir/build.make CMakeFiles/cmTC_b45b9.dir/build
make[1]: Entering directory '/home/daniele/tesla/tesla-static-analysis/CMakeFiles/CMakeTmp'
Building CXX object CMakeFiles/cmTC_b45b9.dir/src.cxx.o
/usr/bin/newclang++     -std=c++14 -pthread -ltinfo -fPIC -fvisibility-inlines-hidden -std=c++11 -w -ffunction-sections -DCXX_SUPPORTS_FDATA_SECTIONS   -Werror -fdata-sections -o CMakeFiles/cmTC_b45b9.dir/src.cxx.o -c /home/daniele/tesla/tesla-static-analysis/CMakeFiles/CMakeTmp/src.cxx
Linking CXX executable cmTC_b45b9
/usr/bin/cmake -E cmake_link_script CMakeFiles/cmTC_b45b9.dir/link.txt --verbose=1
/usr/bin/newclang++   -std=c++14 -pthread -ltinfo -fPIC -fvisibility-inlines-hidden -std=c++11 -w -ffunction-sections -DCXX_SUPPORTS_FDATA_SECTIONS    CMakeFiles/cmTC_b45b9.dir/src.cxx.o  -o cmTC_b45b9 -rdynamic 
make[1]: Leaving directory '/home/daniele/tesla/tesla-static-analysis/CMakeFiles/CMakeTmp'

Source file was:
int main() { return 0; }
